
> web@0.1.0 build
> next build

⚠ Warning: Next.js inferred your workspace root, but it may not be correct.
 We detected multiple lockfiles and selected the directory of /Users/galsasson/package-lock.json as the root directory.
 To silence this warning, set `turbopack.root` in your Next.js config, or consider removing one of the lockfiles if it's not needed.
   See https://nextjs.org/docs/app/api-reference/config/next-config-js/turbopack#root-directory for more information.
 Detected additional lockfiles: 
   * /Users/galsasson/Peirutech/Prut/web/package-lock.json

▲ Next.js 16.1.4 (Turbopack)
- Environments: .env.local
- Experiments (use with caution):
  · clientTraceMetadata

⚠ The "middleware" file convention is deprecated. Please use "proxy" instead. Learn more: https://nextjs.org/docs/messages/middleware-to-proxy
  Creating an optimized production build ...
✓ Compiled successfully in 28.1s
  Running next.config.js provided runAfterProductionCompile ...
✓ Completed runAfterProductionCompile in 1300ms
  Running TypeScript ...
  Collecting page data using 11 workers ...
  Generating static pages using 11 workers (0/39) ...
  Generating static pages using 11 workers (9/39) 
[Supabase Client] Initializing createBrowserClient...
  Generating static pages using 11 workers (19/39) 
  Generating static pages using 11 workers (29/39) 
[Supabase Client] Initializing createBrowserClient...
✓ Generating static pages using 11 workers (39/39) in 3.5s
  Finalizing page optimization ...

Route (app)
┌ ○ /
├ ○ /_not-found
├ ○ /accessibility
├ ○ /admin
├ ○ /admin/activity
├ ○ /admin/analytics
├ ○ /admin/database
├ ○ /admin/engines
├ ƒ /admin/engines/[mode]
├ ○ /admin/library
├ ○ /admin/prompts
├ ○ /admin/settings
├ ○ /admin/users
├ ƒ /api/achievements
├ ƒ /api/admin/grant-admin
├ ƒ /api/admin/intelligence
├ ƒ /api/admin/is-admin
├ ƒ /api/admin/library/batch
├ ƒ /api/admin/library/categories
├ ƒ /api/admin/stats
├ ƒ /api/admin/sync-users
├ ƒ /api/admin/test-engine
├ ƒ /api/community/leaderboard
├ ƒ /api/community/profile/[id]
├ ƒ /api/enhance
├ ƒ /api/library-popularity
├ ƒ /api/library/categories
├ ƒ /api/library/prompts
├ ƒ /api/prompt-usage
├ ƒ /api/prompts/sync
├ ƒ /api/user/achievements
├ ƒ /api/user/achievements/award
├ ƒ /api/user/onboarding/complete
├ ƒ /auth/callback
├ ○ /login
├ ○ /maintenance
├ ○ /privacy
├ ○ /robots.txt
├ ○ /settings
└ ○ /sitemap.xml


ƒ Proxy (Middleware)

○  (Static)   prerendered as static content
ƒ  (Dynamic)  server-rendered on demand

